<?xml version="1.0" encoding="UTF-8"?>
<!-- Generated by org.testng.reporters.JUnitXMLReporter -->
<testsuite hostname="DESKTOP-V89QI4G" ignored="0" name="Default test" tests="3" failures="0" timestamp="09 Mar 2020 13:29:01 GMT" time="1.028" errors="0">
  <testcase name="loginTest" time="0.016" classname="com.selenium.hybrid.suitea.LoginTest">
    <skipped/>
  </testcase> <!-- loginTest -->
  <testcase name="loginTest" time="0.008" classname="com.selenium.hybrid.suitea.LoginTest">
    <skipped/>
  </testcase> <!-- loginTest -->
  <testcase name="loginTest" time="0.004" classname="com.selenium.hybrid.suitea.LoginTest">
    <skipped/>
  </testcase> <!-- loginTest -->
</testsuite> <!-- Default test -->
